Arguments: 
  /Users/clemsos/.nvm/versions/node/v14.17.0/bin/node /usr/local/Cellar/yarn/1.22.10/libexec/bin/yarn.js

PATH: 
  /Users/clemsos/.rvm/gems/ruby-2.4.1/bin:/Users/clemsos/.rvm/gems/ruby-2.4.1@global/bin:/Users/clemsos/.rvm/rubies/ruby-2.4.1/bin:/usr/local/anaconda3/bin:/Users/clemsos/.nvm/versions/node/v14.17.0/bin:/usr/local/bin:/usr/bin:/bin:/usr/sbin:/sbin:/Library/TeX/texbin:/opt/X11/bin:/Users/clemsos/.cargo/bin:/Users/clemsos/.rvm/bin:/Users/clemsos/go/bin:/usr/local/opt/go/libexec/bin

Yarn version: 
  1.22.10

Node version: 
  14.17.0

Platform: 
  darwin x64

Trace: 
  SyntaxError: /Users/clemsos/Dev/unlock/unlock-alt/package.json: Unexpected token < in JSON at position 1317
      at JSON.parse (<anonymous>)
      at /usr/local/Cellar/yarn/1.22.10/libexec/lib/cli.js:1625:59
      at Generator.next (<anonymous>)
      at step (/usr/local/Cellar/yarn/1.22.10/libexec/lib/cli.js:310:30)
      at /usr/local/Cellar/yarn/1.22.10/libexec/lib/cli.js:321:13

npm manifest: 
  {
    "name": "@unlock-protocol/unlock-lint",
    "version": "0.0.1",
    "main": "index.js",
    "description": "Unlock's base JS ESLint config",
    "scripts": {
      "test": "jest"
    },
    "dependencies": {
      "@babel/core": "7.14.8",
      "@typescript-eslint/eslint-plugin": "4.28.5",
      "@typescript-eslint/parser": "4.28.5",
      "babel-eslint": "10.1.0",
      "babel-plugin-polyfill-corejs2": "0.2.2",
      "eslint": "7.32.0",
      "eslint-config-airbnb": "18.2.1",
      "eslint-config-prettier": "8.3.0",
      "eslint-config-standard": "16.0.3",
      "eslint-import-resolver-typescript": "2.4.0",
      "eslint-plugin-import": "2.23.4",
      "eslint-plugin-jest": "24.4.0",
      "eslint-plugin-jsx-a11y": "6.4.1",
      "eslint-plugin-mocha": "9.0.0",
      "eslint-plugin-node": "11.1.0",
      "eslint-plugin-prettier": "3.4.0",
      "eslint-plugin-promise": "5.1.0",
      "eslint-plugin-react": "7.24.0",
      "eslint-plugin-react-hooks": "4.2.0",
      "eslint-plugin-standard": "4.1.0",
      "prettier": "2.3.2",
      "typescript": "4.3.5"
    },
    "devDependencies": {
      "jest": "^27.0.6"
    }
  }

yarn manifest: 
  No manifest

Lockfile: 
  No lockfile
